<?xml version="1.0" encoding="UTF-8"?>
<testng-results ignored="0" total="2" passed="2" failed="0" skipped="0">
  <reporter-output>
  </reporter-output>
  <suite started-at="2023-09-30T13:19:43 IST" name="Suite" finished-at="2023-09-30T13:19:46 IST" duration-ms="3486">
    <groups>
    </groups>
    <test started-at="2023-09-30T13:19:43 IST" name="Test" finished-at="2023-09-30T13:19:46 IST" duration-ms="3486">
      <class name="RegistrationPage.Registration">
        <test-method is-config="true" signature="instantiateWebdriver()[pri:0, instance:RegistrationPage.Registration@327514f]" started-at="2023-09-30T13:19:23 IST" name="instantiateWebdriver" finished-at="2023-09-30T13:19:43 IST" duration-ms="19977" status="PASS">
          <reporter-output>
          </reporter-output>
        </test-method> <!-- instantiateWebdriver -->
        <test-method signature="invalidEmail()[pri:0, instance:RegistrationPage.Registration@327514f]" started-at="2023-09-30T13:19:43 IST" name="invalidEmail" finished-at="2023-09-30T13:19:45 IST" duration-ms="1737" status="PASS">
          <reporter-output>
          </reporter-output>
        </test-method> <!-- invalidEmail -->
        <test-method signature="registrationSignIn()[pri:0, instance:RegistrationPage.Registration@327514f]" started-at="2023-09-30T13:19:45 IST" name="registrationSignIn" finished-at="2023-09-30T13:19:46 IST" duration-ms="1674" status="PASS">
          <reporter-output>
          </reporter-output>
        </test-method> <!-- registrationSignIn -->
      </class> <!-- RegistrationPage.Registration -->
    </test> <!-- Test -->
  </suite> <!-- Suite -->
</testng-results>
